2020-06-11 13:09:11 [org.springframework.web.servlet.DispatcherServlet]-[INFO] [RMI TCP Connection(5)-127.0.0.1] (FrameworkServlet.java:485) ->FrameworkServlet 'spring-dispatcher': initialization started 
2020-06-11 13:09:12 [org.springframework.web.context.support.XmlWebApplicationContext]-[INFO] [RMI TCP Connection(5)-127.0.0.1] (AbstractApplicationContext.java:510) ->Refreshing WebApplicationContext for namespace 'spring-dispatcher-servlet': startup date [Thu Jun 11 13:09:12 CST 2020]; root of context hierarchy 
2020-06-11 13:09:12 [org.springframework.beans.factory.xml.XmlBeanDefinitionReader]-[INFO] [RMI TCP Connection(5)-127.0.0.1] (XmlBeanDefinitionReader.java:317) ->Loading XML bean definitions from file [D:\IntelliJ IDEA 2020.1.1\study-workspace\my2ssm\target\my2ssm-1.0-SNAPSHOT\WEB-INF\classes\spring-init.xml] 
2020-06-11 13:09:15 [org.springframework.beans.factory.xml.XmlBeanDefinitionReader]-[INFO] [RMI TCP Connection(5)-127.0.0.1] (XmlBeanDefinitionReader.java:317) ->Loading XML bean definitions from file [D:\IntelliJ IDEA 2020.1.1\study-workspace\my2ssm\target\my2ssm-1.0-SNAPSHOT\WEB-INF\classes\spring-jdbc.xml] 
2020-06-11 13:09:15 [org.springframework.beans.factory.xml.XmlBeanDefinitionReader]-[INFO] [RMI TCP Connection(5)-127.0.0.1] (XmlBeanDefinitionReader.java:317) ->Loading XML bean definitions from file [D:\IntelliJ IDEA 2020.1.1\study-workspace\my2ssm\target\my2ssm-1.0-SNAPSHOT\WEB-INF\classes\spring-mvc.xml] 
2020-06-11 13:09:16 [org.springframework.context.support.PropertySourcesPlaceholderConfigurer]-[INFO] [RMI TCP Connection(5)-127.0.0.1] (PropertiesLoaderSupport.java:172) ->Loading properties file from class path resource [jdbc.properties] 
2020-06-11 13:09:16 [org.springframework.web.context.support.XmlWebApplicationContext]-[WARN] [RMI TCP Connection(5)-127.0.0.1] (AbstractApplicationContext.java:487) ->Exception encountered during context initialization - cancelling refresh attempt 
org.springframework.beans.factory.BeanDefinitionStoreException: Invalid bean definition with name 'dataSource' defined in file [D:\IntelliJ IDEA 2020.1.1\study-workspace\my2ssm\target\my2ssm-1.0-SNAPSHOT\WEB-INF\classes\spring-jdbc.xml]: Could not resolve placeholder 'jdbc_driver' in string value "${jdbc_driver}"; nested exception is java.lang.IllegalArgumentException: Could not resolve placeholder 'jdbc_driver' in string value "${jdbc_driver}"
	at org.springframework.beans.factory.config.PlaceholderConfigurerSupport.doProcessProperties(PlaceholderConfigurerSupport.java:211)
	at org.springframework.context.support.PropertySourcesPlaceholderConfigurer.processProperties(PropertySourcesPlaceholderConfigurer.java:180)
	at org.springframework.context.support.PropertySourcesPlaceholderConfigurer.postProcessBeanFactory(PropertySourcesPlaceholderConfigurer.java:155)
	at org.springframework.context.support.PostProcessorRegistrationDelegate.invokeBeanFactoryPostProcessors(PostProcessorRegistrationDelegate.java:265)
	at org.springframework.context.support.PostProcessorRegistrationDelegate.invokeBeanFactoryPostProcessors(PostProcessorRegistrationDelegate.java:162)
	at org.springframework.context.support.AbstractApplicationContext.invokeBeanFactoryPostProcessors(AbstractApplicationContext.java:606)
	at org.springframework.context.support.AbstractApplicationContext.refresh(AbstractApplicationContext.java:462)
	at org.springframework.web.servlet.FrameworkServlet.configureAndRefreshWebApplicationContext(FrameworkServlet.java:664)
	at org.springframework.web.servlet.FrameworkServlet.createWebApplicationContext(FrameworkServlet.java:630)
	at org.springframework.web.servlet.FrameworkServlet.createWebApplicationContext(FrameworkServlet.java:678)
	at org.springframework.web.servlet.FrameworkServlet.initWebApplicationContext(FrameworkServlet.java:549)
	at org.springframework.web.servlet.FrameworkServlet.initServletBean(FrameworkServlet.java:490)
	at org.springframework.web.servlet.HttpServletBean.init(HttpServletBean.java:136)
	at javax.servlet.GenericServlet.init(GenericServlet.java:158)
	at org.apache.catalina.core.StandardWrapper.initServlet(StandardWrapper.java:1144)
	at org.apache.catalina.core.StandardWrapper.loadServlet(StandardWrapper.java:1091)
	at org.apache.catalina.core.StandardWrapper.load(StandardWrapper.java:985)
	at org.apache.catalina.core.StandardContext.loadOnStartup(StandardContext.java:4883)
	at org.apache.catalina.core.StandardContext.startInternal(StandardContext.java:5197)
	at org.apache.catalina.util.LifecycleBase.start(LifecycleBase.java:183)
	at org.apache.catalina.core.ContainerBase.addChildInternal(ContainerBase.java:743)
	at org.apache.catalina.core.ContainerBase.addChild(ContainerBase.java:719)
	at org.apache.catalina.core.StandardHost.addChild(StandardHost.java:705)
	at org.apache.catalina.startup.HostConfig.manageApp(HostConfig.java:1719)
	at sun.reflect.NativeMethodAccessorImpl.invoke0(Native Method)
	at sun.reflect.NativeMethodAccessorImpl.invoke(NativeMethodAccessorImpl.java:62)
	at sun.reflect.DelegatingMethodAccessorImpl.invoke(DelegatingMethodAccessorImpl.java:43)
	at java.lang.reflect.Method.invoke(Method.java:498)
	at org.apache.tomcat.util.modeler.BaseModelMBean.invoke(BaseModelMBean.java:286)
	at com.sun.jmx.interceptor.DefaultMBeanServerInterceptor.invoke(DefaultMBeanServerInterceptor.java:819)
	at com.sun.jmx.mbeanserver.JmxMBeanServer.invoke(JmxMBeanServer.java:801)
	at org.apache.catalina.mbeans.MBeanFactory.createStandardContext(MBeanFactory.java:479)
	at org.apache.catalina.mbeans.MBeanFactory.createStandardContext(MBeanFactory.java:428)
	at sun.reflect.NativeMethodAccessorImpl.invoke0(Native Method)
	at sun.reflect.NativeMethodAccessorImpl.invoke(NativeMethodAccessorImpl.java:62)
	at sun.reflect.DelegatingMethodAccessorImpl.invoke(DelegatingMethodAccessorImpl.java:43)
	at java.lang.reflect.Method.invoke(Method.java:498)
	at org.apache.tomcat.util.modeler.BaseModelMBean.invoke(BaseModelMBean.java:286)
	at com.sun.jmx.interceptor.DefaultMBeanServerInterceptor.invoke(DefaultMBeanServerInterceptor.java:819)
	at com.sun.jmx.mbeanserver.JmxMBeanServer.invoke(JmxMBeanServer.java:801)
	at com.sun.jmx.remote.security.MBeanServerAccessController.invoke(MBeanServerAccessController.java:468)
	at javax.management.remote.rmi.RMIConnectionImpl.doOperation(RMIConnectionImpl.java:1468)
	at javax.management.remote.rmi.RMIConnectionImpl.access$300(RMIConnectionImpl.java:76)
	at javax.management.remote.rmi.RMIConnectionImpl$PrivilegedOperation.run(RMIConnectionImpl.java:1309)
	at java.security.AccessController.doPrivileged(Native Method)
	at javax.management.remote.rmi.RMIConnectionImpl.doPrivilegedOperation(RMIConnectionImpl.java:1408)
	at javax.management.remote.rmi.RMIConnectionImpl.invoke(RMIConnectionImpl.java:829)
	at sun.reflect.NativeMethodAccessorImpl.invoke0(Native Method)
	at sun.reflect.NativeMethodAccessorImpl.invoke(NativeMethodAccessorImpl.java:62)
	at sun.reflect.DelegatingMethodAccessorImpl.invoke(DelegatingMethodAccessorImpl.java:43)
	at java.lang.reflect.Method.invoke(Method.java:498)
	at sun.rmi.server.UnicastServerRef.dispatch(UnicastServerRef.java:324)
	at sun.rmi.transport.Transport$1.run(Transport.java:200)
	at sun.rmi.transport.Transport$1.run(Transport.java:197)
	at java.security.AccessController.doPrivileged(Native Method)
	at sun.rmi.transport.Transport.serviceCall(Transport.java:196)
	at sun.rmi.transport.tcp.TCPTransport.handleMessages(TCPTransport.java:568)
	at sun.rmi.transport.tcp.TCPTransport$ConnectionHandler.run0(TCPTransport.java:826)
	at sun.rmi.transport.tcp.TCPTransport$ConnectionHandler.lambda$run$0(TCPTransport.java:683)
	at java.security.AccessController.doPrivileged(Native Method)
	at sun.rmi.transport.tcp.TCPTransport$ConnectionHandler.run(TCPTransport.java:682)
	at java.util.concurrent.ThreadPoolExecutor.runWorker(ThreadPoolExecutor.java:1142)
	at java.util.concurrent.ThreadPoolExecutor$Worker.run(ThreadPoolExecutor.java:617)
	at java.lang.Thread.run(Thread.java:745)
Caused by: java.lang.IllegalArgumentException: Could not resolve placeholder 'jdbc_driver' in string value "${jdbc_driver}"
	at org.springframework.util.PropertyPlaceholderHelper.parseStringValue(PropertyPlaceholderHelper.java:174)
	at org.springframework.util.PropertyPlaceholderHelper.replacePlaceholders(PropertyPlaceholderHelper.java:126)
	at org.springframework.core.env.AbstractPropertyResolver.doResolvePlaceholders(AbstractPropertyResolver.java:204)
	at org.springframework.core.env.AbstractPropertyResolver.resolveRequiredPlaceholders(AbstractPropertyResolver.java:178)
	at org.springframework.context.support.PropertySourcesPlaceholderConfigurer$2.resolveStringValue(PropertySourcesPlaceholderConfigurer.java:175)
	at org.springframework.beans.factory.config.BeanDefinitionVisitor.resolveStringValue(BeanDefinitionVisitor.java:282)
	at org.springframework.beans.factory.config.BeanDefinitionVisitor.resolveValue(BeanDefinitionVisitor.java:204)
	at org.springframework.beans.factory.config.BeanDefinitionVisitor.visitPropertyValues(BeanDefinitionVisitor.java:141)
	at org.springframework.beans.factory.config.BeanDefinitionVisitor.visitBeanDefinition(BeanDefinitionVisitor.java:82)
	at org.springframework.beans.factory.config.PlaceholderConfigurerSupport.doProcessProperties(PlaceholderConfigurerSupport.java:208)
	... 63 more
2020-06-11 13:09:16 [org.springframework.web.servlet.DispatcherServlet]-[ERROR] [RMI TCP Connection(5)-127.0.0.1] (FrameworkServlet.java:498) ->Context initialization failed 
org.springframework.beans.factory.BeanDefinitionStoreException: Invalid bean definition with name 'dataSource' defined in file [D:\IntelliJ IDEA 2020.1.1\study-workspace\my2ssm\target\my2ssm-1.0-SNAPSHOT\WEB-INF\classes\spring-jdbc.xml]: Could not resolve placeholder 'jdbc_driver' in string value "${jdbc_driver}"; nested exception is java.lang.IllegalArgumentException: Could not resolve placeholder 'jdbc_driver' in string value "${jdbc_driver}"
	at org.springframework.beans.factory.config.PlaceholderConfigurerSupport.doProcessProperties(PlaceholderConfigurerSupport.java:211)
	at org.springframework.context.support.PropertySourcesPlaceholderConfigurer.processProperties(PropertySourcesPlaceholderConfigurer.java:180)
	at org.springframework.context.support.PropertySourcesPlaceholderConfigurer.postProcessBeanFactory(PropertySourcesPlaceholderConfigurer.java:155)
	at org.springframework.context.support.PostProcessorRegistrationDelegate.invokeBeanFactoryPostProcessors(PostProcessorRegistrationDelegate.java:265)
	at org.springframework.context.support.PostProcessorRegistrationDelegate.invokeBeanFactoryPostProcessors(PostProcessorRegistrationDelegate.java:162)
	at org.springframework.context.support.AbstractApplicationContext.invokeBeanFactoryPostProcessors(AbstractApplicationContext.java:606)
	at org.springframework.context.support.AbstractApplicationContext.refresh(AbstractApplicationContext.java:462)
	at org.springframework.web.servlet.FrameworkServlet.configureAndRefreshWebApplicationContext(FrameworkServlet.java:664)
	at org.springframework.web.servlet.FrameworkServlet.createWebApplicationContext(FrameworkServlet.java:630)
	at org.springframework.web.servlet.FrameworkServlet.createWebApplicationContext(FrameworkServlet.java:678)
	at org.springframework.web.servlet.FrameworkServlet.initWebApplicationContext(FrameworkServlet.java:549)
	at org.springframework.web.servlet.FrameworkServlet.initServletBean(FrameworkServlet.java:490)
	at org.springframework.web.servlet.HttpServletBean.init(HttpServletBean.java:136)
	at javax.servlet.GenericServlet.init(GenericServlet.java:158)
	at org.apache.catalina.core.StandardWrapper.initServlet(StandardWrapper.java:1144)
	at org.apache.catalina.core.StandardWrapper.loadServlet(StandardWrapper.java:1091)
	at org.apache.catalina.core.StandardWrapper.load(StandardWrapper.java:985)
	at org.apache.catalina.core.StandardContext.loadOnStartup(StandardContext.java:4883)
	at org.apache.catalina.core.StandardContext.startInternal(StandardContext.java:5197)
	at org.apache.catalina.util.LifecycleBase.start(LifecycleBase.java:183)
	at org.apache.catalina.core.ContainerBase.addChildInternal(ContainerBase.java:743)
	at org.apache.catalina.core.ContainerBase.addChild(ContainerBase.java:719)
	at org.apache.catalina.core.StandardHost.addChild(StandardHost.java:705)
	at org.apache.catalina.startup.HostConfig.manageApp(HostConfig.java:1719)
	at sun.reflect.NativeMethodAccessorImpl.invoke0(Native Method)
	at sun.reflect.NativeMethodAccessorImpl.invoke(NativeMethodAccessorImpl.java:62)
	at sun.reflect.DelegatingMethodAccessorImpl.invoke(DelegatingMethodAccessorImpl.java:43)
	at java.lang.reflect.Method.invoke(Method.java:498)
	at org.apache.tomcat.util.modeler.BaseModelMBean.invoke(BaseModelMBean.java:286)
	at com.sun.jmx.interceptor.DefaultMBeanServerInterceptor.invoke(DefaultMBeanServerInterceptor.java:819)
	at com.sun.jmx.mbeanserver.JmxMBeanServer.invoke(JmxMBeanServer.java:801)
	at org.apache.catalina.mbeans.MBeanFactory.createStandardContext(MBeanFactory.java:479)
	at org.apache.catalina.mbeans.MBeanFactory.createStandardContext(MBeanFactory.java:428)
	at sun.reflect.NativeMethodAccessorImpl.invoke0(Native Method)
	at sun.reflect.NativeMethodAccessorImpl.invoke(NativeMethodAccessorImpl.java:62)
	at sun.reflect.DelegatingMethodAccessorImpl.invoke(DelegatingMethodAccessorImpl.java:43)
	at java.lang.reflect.Method.invoke(Method.java:498)
	at org.apache.tomcat.util.modeler.BaseModelMBean.invoke(BaseModelMBean.java:286)
	at com.sun.jmx.interceptor.DefaultMBeanServerInterceptor.invoke(DefaultMBeanServerInterceptor.java:819)
	at com.sun.jmx.mbeanserver.JmxMBeanServer.invoke(JmxMBeanServer.java:801)
	at com.sun.jmx.remote.security.MBeanServerAccessController.invoke(MBeanServerAccessController.java:468)
	at javax.management.remote.rmi.RMIConnectionImpl.doOperation(RMIConnectionImpl.java:1468)
	at javax.management.remote.rmi.RMIConnectionImpl.access$300(RMIConnectionImpl.java:76)
	at javax.management.remote.rmi.RMIConnectionImpl$PrivilegedOperation.run(RMIConnectionImpl.java:1309)
	at java.security.AccessController.doPrivileged(Native Method)
	at javax.management.remote.rmi.RMIConnectionImpl.doPrivilegedOperation(RMIConnectionImpl.java:1408)
	at javax.management.remote.rmi.RMIConnectionImpl.invoke(RMIConnectionImpl.java:829)
	at sun.reflect.NativeMethodAccessorImpl.invoke0(Native Method)
	at sun.reflect.NativeMethodAccessorImpl.invoke(NativeMethodAccessorImpl.java:62)
	at sun.reflect.DelegatingMethodAccessorImpl.invoke(DelegatingMethodAccessorImpl.java:43)
	at java.lang.reflect.Method.invoke(Method.java:498)
	at sun.rmi.server.UnicastServerRef.dispatch(UnicastServerRef.java:324)
	at sun.rmi.transport.Transport$1.run(Transport.java:200)
	at sun.rmi.transport.Transport$1.run(Transport.java:197)
	at java.security.AccessController.doPrivileged(Native Method)
	at sun.rmi.transport.Transport.serviceCall(Transport.java:196)
	at sun.rmi.transport.tcp.TCPTransport.handleMessages(TCPTransport.java:568)
	at sun.rmi.transport.tcp.TCPTransport$ConnectionHandler.run0(TCPTransport.java:826)
	at sun.rmi.transport.tcp.TCPTransport$ConnectionHandler.lambda$run$0(TCPTransport.java:683)
	at java.security.AccessController.doPrivileged(Native Method)
	at sun.rmi.transport.tcp.TCPTransport$ConnectionHandler.run(TCPTransport.java:682)
	at java.util.concurrent.ThreadPoolExecutor.runWorker(ThreadPoolExecutor.java:1142)
	at java.util.concurrent.ThreadPoolExecutor$Worker.run(ThreadPoolExecutor.java:617)
	at java.lang.Thread.run(Thread.java:745)
Caused by: java.lang.IllegalArgumentException: Could not resolve placeholder 'jdbc_driver' in string value "${jdbc_driver}"
	at org.springframework.util.PropertyPlaceholderHelper.parseStringValue(PropertyPlaceholderHelper.java:174)
	at org.springframework.util.PropertyPlaceholderHelper.replacePlaceholders(PropertyPlaceholderHelper.java:126)
	at org.springframework.core.env.AbstractPropertyResolver.doResolvePlaceholders(AbstractPropertyResolver.java:204)
	at org.springframework.core.env.AbstractPropertyResolver.resolveRequiredPlaceholders(AbstractPropertyResolver.java:178)
	at org.springframework.context.support.PropertySourcesPlaceholderConfigurer$2.resolveStringValue(PropertySourcesPlaceholderConfigurer.java:175)
	at org.springframework.beans.factory.config.BeanDefinitionVisitor.resolveStringValue(BeanDefinitionVisitor.java:282)
	at org.springframework.beans.factory.config.BeanDefinitionVisitor.resolveValue(BeanDefinitionVisitor.java:204)
	at org.springframework.beans.factory.config.BeanDefinitionVisitor.visitPropertyValues(BeanDefinitionVisitor.java:141)
	at org.springframework.beans.factory.config.BeanDefinitionVisitor.visitBeanDefinition(BeanDefinitionVisitor.java:82)
	at org.springframework.beans.factory.config.PlaceholderConfigurerSupport.doProcessProperties(PlaceholderConfigurerSupport.java:208)
	... 63 more
2020-06-11 13:14:20 [org.springframework.web.servlet.DispatcherServlet]-[INFO] [http-nio-8080-exec-1] (FrameworkServlet.java:485) ->FrameworkServlet 'spring-dispatcher': initialization started 
2020-06-11 13:14:20 [org.springframework.web.context.support.XmlWebApplicationContext]-[INFO] [http-nio-8080-exec-1] (AbstractApplicationContext.java:510) ->Refreshing WebApplicationContext for namespace 'spring-dispatcher-servlet': startup date [Thu Jun 11 13:14:20 CST 2020]; root of context hierarchy 
2020-06-11 13:14:20 [org.springframework.beans.factory.xml.XmlBeanDefinitionReader]-[INFO] [http-nio-8080-exec-1] (XmlBeanDefinitionReader.java:317) ->Loading XML bean definitions from file [D:\IntelliJ IDEA 2020.1.1\study-workspace\my2ssm\target\my2ssm-1.0-SNAPSHOT\WEB-INF\classes\spring-init.xml] 
2020-06-11 13:14:20 [org.springframework.beans.factory.xml.XmlBeanDefinitionReader]-[INFO] [http-nio-8080-exec-1] (XmlBeanDefinitionReader.java:317) ->Loading XML bean definitions from file [D:\IntelliJ IDEA 2020.1.1\study-workspace\my2ssm\target\my2ssm-1.0-SNAPSHOT\WEB-INF\classes\spring-jdbc.xml] 
2020-06-11 13:14:20 [org.springframework.beans.factory.xml.XmlBeanDefinitionReader]-[INFO] [http-nio-8080-exec-1] (XmlBeanDefinitionReader.java:317) ->Loading XML bean definitions from file [D:\IntelliJ IDEA 2020.1.1\study-workspace\my2ssm\target\my2ssm-1.0-SNAPSHOT\WEB-INF\classes\spring-mvc.xml] 
2020-06-11 13:14:20 [org.springframework.context.support.PropertySourcesPlaceholderConfigurer]-[INFO] [http-nio-8080-exec-1] (PropertiesLoaderSupport.java:172) ->Loading properties file from class path resource [jdbc.properties] 
2020-06-11 13:14:20 [org.springframework.web.context.support.XmlWebApplicationContext]-[WARN] [http-nio-8080-exec-1] (AbstractApplicationContext.java:487) ->Exception encountered during context initialization - cancelling refresh attempt 
org.springframework.beans.factory.BeanDefinitionStoreException: Invalid bean definition with name 'dataSource' defined in file [D:\IntelliJ IDEA 2020.1.1\study-workspace\my2ssm\target\my2ssm-1.0-SNAPSHOT\WEB-INF\classes\spring-jdbc.xml]: Could not resolve placeholder 'jdbc_driver' in string value "${jdbc_driver}"; nested exception is java.lang.IllegalArgumentException: Could not resolve placeholder 'jdbc_driver' in string value "${jdbc_driver}"
	at org.springframework.beans.factory.config.PlaceholderConfigurerSupport.doProcessProperties(PlaceholderConfigurerSupport.java:211)
	at org.springframework.context.support.PropertySourcesPlaceholderConfigurer.processProperties(PropertySourcesPlaceholderConfigurer.java:180)
	at org.springframework.context.support.PropertySourcesPlaceholderConfigurer.postProcessBeanFactory(PropertySourcesPlaceholderConfigurer.java:155)
	at org.springframework.context.support.PostProcessorRegistrationDelegate.invokeBeanFactoryPostProcessors(PostProcessorRegistrationDelegate.java:265)
	at org.springframework.context.support.PostProcessorRegistrationDelegate.invokeBeanFactoryPostProcessors(PostProcessorRegistrationDelegate.java:162)
	at org.springframework.context.support.AbstractApplicationContext.invokeBeanFactoryPostProcessors(AbstractApplicationContext.java:606)
	at org.springframework.context.support.AbstractApplicationContext.refresh(AbstractApplicationContext.java:462)
	at org.springframework.web.servlet.FrameworkServlet.configureAndRefreshWebApplicationContext(FrameworkServlet.java:664)
	at org.springframework.web.servlet.FrameworkServlet.createWebApplicationContext(FrameworkServlet.java:630)
	at org.springframework.web.servlet.FrameworkServlet.createWebApplicationContext(FrameworkServlet.java:678)
	at org.springframework.web.servlet.FrameworkServlet.initWebApplicationContext(FrameworkServlet.java:549)
	at org.springframework.web.servlet.FrameworkServlet.initServletBean(FrameworkServlet.java:490)
	at org.springframework.web.servlet.HttpServletBean.init(HttpServletBean.java:136)
	at javax.servlet.GenericServlet.init(GenericServlet.java:158)
	at org.apache.catalina.core.StandardWrapper.initServlet(StandardWrapper.java:1144)
	at org.apache.catalina.core.StandardWrapper.loadServlet(StandardWrapper.java:1091)
	at org.apache.catalina.core.StandardWrapper.allocate(StandardWrapper.java:763)
	at org.apache.catalina.core.StandardWrapperValve.invoke(StandardWrapperValve.java:134)
	at org.apache.catalina.core.StandardContextValve.invoke(StandardContextValve.java:96)
	at org.apache.catalina.authenticator.AuthenticatorBase.invoke(AuthenticatorBase.java:543)
	at org.apache.catalina.core.StandardHostValve.invoke(StandardHostValve.java:139)
	at org.apache.catalina.valves.ErrorReportValve.invoke(ErrorReportValve.java:81)
	at org.apache.catalina.valves.AbstractAccessLogValve.invoke(AbstractAccessLogValve.java:690)
	at org.apache.catalina.core.StandardEngineValve.invoke(StandardEngineValve.java:87)
	at org.apache.catalina.connector.CoyoteAdapter.service(CoyoteAdapter.java:343)
	at org.apache.coyote.http11.Http11Processor.service(Http11Processor.java:615)
	at org.apache.coyote.AbstractProcessorLight.process(AbstractProcessorLight.java:65)
	at org.apache.coyote.AbstractProtocol$ConnectionHandler.process(AbstractProtocol.java:818)
	at org.apache.tomcat.util.net.NioEndpoint$SocketProcessor.doRun(NioEndpoint.java:1627)
	at org.apache.tomcat.util.net.SocketProcessorBase.run(SocketProcessorBase.java:49)
	at java.util.concurrent.ThreadPoolExecutor.runWorker(ThreadPoolExecutor.java:1142)
	at java.util.concurrent.ThreadPoolExecutor$Worker.run(ThreadPoolExecutor.java:617)
	at org.apache.tomcat.util.threads.TaskThread$WrappingRunnable.run(TaskThread.java:61)
	at java.lang.Thread.run(Thread.java:745)
Caused by: java.lang.IllegalArgumentException: Could not resolve placeholder 'jdbc_driver' in string value "${jdbc_driver}"
	at org.springframework.util.PropertyPlaceholderHelper.parseStringValue(PropertyPlaceholderHelper.java:174)
	at org.springframework.util.PropertyPlaceholderHelper.replacePlaceholders(PropertyPlaceholderHelper.java:126)
	at org.springframework.core.env.AbstractPropertyResolver.doResolvePlaceholders(AbstractPropertyResolver.java:204)
	at org.springframework.core.env.AbstractPropertyResolver.resolveRequiredPlaceholders(AbstractPropertyResolver.java:178)
	at org.springframework.context.support.PropertySourcesPlaceholderConfigurer$2.resolveStringValue(PropertySourcesPlaceholderConfigurer.java:175)
	at org.springframework.beans.factory.config.BeanDefinitionVisitor.resolveStringValue(BeanDefinitionVisitor.java:282)
	at org.springframework.beans.factory.config.BeanDefinitionVisitor.resolveValue(BeanDefinitionVisitor.java:204)
	at org.springframework.beans.factory.config.BeanDefinitionVisitor.visitPropertyValues(BeanDefinitionVisitor.java:141)
	at org.springframework.beans.factory.config.BeanDefinitionVisitor.visitBeanDefinition(BeanDefinitionVisitor.java:82)
	at org.springframework.beans.factory.config.PlaceholderConfigurerSupport.doProcessProperties(PlaceholderConfigurerSupport.java:208)
	... 33 more
2020-06-11 13:14:20 [org.springframework.web.servlet.DispatcherServlet]-[ERROR] [http-nio-8080-exec-1] (FrameworkServlet.java:498) ->Context initialization failed 
org.springframework.beans.factory.BeanDefinitionStoreException: Invalid bean definition with name 'dataSource' defined in file [D:\IntelliJ IDEA 2020.1.1\study-workspace\my2ssm\target\my2ssm-1.0-SNAPSHOT\WEB-INF\classes\spring-jdbc.xml]: Could not resolve placeholder 'jdbc_driver' in string value "${jdbc_driver}"; nested exception is java.lang.IllegalArgumentException: Could not resolve placeholder 'jdbc_driver' in string value "${jdbc_driver}"
	at org.springframework.beans.factory.config.PlaceholderConfigurerSupport.doProcessProperties(PlaceholderConfigurerSupport.java:211)
	at org.springframework.context.support.PropertySourcesPlaceholderConfigurer.processProperties(PropertySourcesPlaceholderConfigurer.java:180)
	at org.springframework.context.support.PropertySourcesPlaceholderConfigurer.postProcessBeanFactory(PropertySourcesPlaceholderConfigurer.java:155)
	at org.springframework.context.support.PostProcessorRegistrationDelegate.invokeBeanFactoryPostProcessors(PostProcessorRegistrationDelegate.java:265)
	at org.springframework.context.support.PostProcessorRegistrationDelegate.invokeBeanFactoryPostProcessors(PostProcessorRegistrationDelegate.java:162)
	at org.springframework.context.support.AbstractApplicationContext.invokeBeanFactoryPostProcessors(AbstractApplicationContext.java:606)
	at org.springframework.context.support.AbstractApplicationContext.refresh(AbstractApplicationContext.java:462)
	at org.springframework.web.servlet.FrameworkServlet.configureAndRefreshWebApplicationContext(FrameworkServlet.java:664)
	at org.springframework.web.servlet.FrameworkServlet.createWebApplicationContext(FrameworkServlet.java:630)
	at org.springframework.web.servlet.FrameworkServlet.createWebApplicationContext(FrameworkServlet.java:678)
	at org.springframework.web.servlet.FrameworkServlet.initWebApplicationContext(FrameworkServlet.java:549)
	at org.springframework.web.servlet.FrameworkServlet.initServletBean(FrameworkServlet.java:490)
	at org.springframework.web.servlet.HttpServletBean.init(HttpServletBean.java:136)
	at javax.servlet.GenericServlet.init(GenericServlet.java:158)
	at org.apache.catalina.core.StandardWrapper.initServlet(StandardWrapper.java:1144)
	at org.apache.catalina.core.StandardWrapper.loadServlet(StandardWrapper.java:1091)
	at org.apache.catalina.core.StandardWrapper.allocate(StandardWrapper.java:763)
	at org.apache.catalina.core.StandardWrapperValve.invoke(StandardWrapperValve.java:134)
	at org.apache.catalina.core.StandardContextValve.invoke(StandardContextValve.java:96)
	at org.apache.catalina.authenticator.AuthenticatorBase.invoke(AuthenticatorBase.java:543)
	at org.apache.catalina.core.StandardHostValve.invoke(StandardHostValve.java:139)
	at org.apache.catalina.valves.ErrorReportValve.invoke(ErrorReportValve.java:81)
	at org.apache.catalina.valves.AbstractAccessLogValve.invoke(AbstractAccessLogValve.java:690)
	at org.apache.catalina.core.StandardEngineValve.invoke(StandardEngineValve.java:87)
	at org.apache.catalina.connector.CoyoteAdapter.service(CoyoteAdapter.java:343)
	at org.apache.coyote.http11.Http11Processor.service(Http11Processor.java:615)
	at org.apache.coyote.AbstractProcessorLight.process(AbstractProcessorLight.java:65)
	at org.apache.coyote.AbstractProtocol$ConnectionHandler.process(AbstractProtocol.java:818)
	at org.apache.tomcat.util.net.NioEndpoint$SocketProcessor.doRun(NioEndpoint.java:1627)
	at org.apache.tomcat.util.net.SocketProcessorBase.run(SocketProcessorBase.java:49)
	at java.util.concurrent.ThreadPoolExecutor.runWorker(ThreadPoolExecutor.java:1142)
	at java.util.concurrent.ThreadPoolExecutor$Worker.run(ThreadPoolExecutor.java:617)
	at org.apache.tomcat.util.threads.TaskThread$WrappingRunnable.run(TaskThread.java:61)
	at java.lang.Thread.run(Thread.java:745)
Caused by: java.lang.IllegalArgumentException: Could not resolve placeholder 'jdbc_driver' in string value "${jdbc_driver}"
	at org.springframework.util.PropertyPlaceholderHelper.parseStringValue(PropertyPlaceholderHelper.java:174)
	at org.springframework.util.PropertyPlaceholderHelper.replacePlaceholders(PropertyPlaceholderHelper.java:126)
	at org.springframework.core.env.AbstractPropertyResolver.doResolvePlaceholders(AbstractPropertyResolver.java:204)
	at org.springframework.core.env.AbstractPropertyResolver.resolveRequiredPlaceholders(AbstractPropertyResolver.java:178)
	at org.springframework.context.support.PropertySourcesPlaceholderConfigurer$2.resolveStringValue(PropertySourcesPlaceholderConfigurer.java:175)
	at org.springframework.beans.factory.config.BeanDefinitionVisitor.resolveStringValue(BeanDefinitionVisitor.java:282)
	at org.springframework.beans.factory.config.BeanDefinitionVisitor.resolveValue(BeanDefinitionVisitor.java:204)
	at org.springframework.beans.factory.config.BeanDefinitionVisitor.visitPropertyValues(BeanDefinitionVisitor.java:141)
	at org.springframework.beans.factory.config.BeanDefinitionVisitor.visitBeanDefinition(BeanDefinitionVisitor.java:82)
	at org.springframework.beans.factory.config.PlaceholderConfigurerSupport.doProcessProperties(PlaceholderConfigurerSupport.java:208)
	... 33 more
2020-06-11 13:14:21 [org.springframework.web.servlet.DispatcherServlet]-[INFO] [http-nio-8080-exec-2] (FrameworkServlet.java:485) ->FrameworkServlet 'spring-dispatcher': initialization started 
2020-06-11 13:14:21 [org.springframework.web.context.support.XmlWebApplicationContext]-[INFO] [http-nio-8080-exec-2] (AbstractApplicationContext.java:510) ->Refreshing WebApplicationContext for namespace 'spring-dispatcher-servlet': startup date [Thu Jun 11 13:14:21 CST 2020]; root of context hierarchy 
2020-06-11 13:14:21 [org.springframework.beans.factory.xml.XmlBeanDefinitionReader]-[INFO] [http-nio-8080-exec-2] (XmlBeanDefinitionReader.java:317) ->Loading XML bean definitions from file [D:\IntelliJ IDEA 2020.1.1\study-workspace\my2ssm\target\my2ssm-1.0-SNAPSHOT\WEB-INF\classes\spring-init.xml] 
2020-06-11 13:14:21 [org.springframework.beans.factory.xml.XmlBeanDefinitionReader]-[INFO] [http-nio-8080-exec-2] (XmlBeanDefinitionReader.java:317) ->Loading XML bean definitions from file [D:\IntelliJ IDEA 2020.1.1\study-workspace\my2ssm\target\my2ssm-1.0-SNAPSHOT\WEB-INF\classes\spring-jdbc.xml] 
2020-06-11 13:14:21 [org.springframework.beans.factory.xml.XmlBeanDefinitionReader]-[INFO] [http-nio-8080-exec-2] (XmlBeanDefinitionReader.java:317) ->Loading XML bean definitions from file [D:\IntelliJ IDEA 2020.1.1\study-workspace\my2ssm\target\my2ssm-1.0-SNAPSHOT\WEB-INF\classes\spring-mvc.xml] 
2020-06-11 13:14:21 [org.springframework.context.support.PropertySourcesPlaceholderConfigurer]-[INFO] [http-nio-8080-exec-2] (PropertiesLoaderSupport.java:172) ->Loading properties file from class path resource [jdbc.properties] 
2020-06-11 13:14:21 [org.springframework.web.context.support.XmlWebApplicationContext]-[WARN] [http-nio-8080-exec-2] (AbstractApplicationContext.java:487) ->Exception encountered during context initialization - cancelling refresh attempt 
org.springframework.beans.factory.BeanDefinitionStoreException: Invalid bean definition with name 'dataSource' defined in file [D:\IntelliJ IDEA 2020.1.1\study-workspace\my2ssm\target\my2ssm-1.0-SNAPSHOT\WEB-INF\classes\spring-jdbc.xml]: Could not resolve placeholder 'jdbc_driver' in string value "${jdbc_driver}"; nested exception is java.lang.IllegalArgumentException: Could not resolve placeholder 'jdbc_driver' in string value "${jdbc_driver}"
	at org.springframework.beans.factory.config.PlaceholderConfigurerSupport.doProcessProperties(PlaceholderConfigurerSupport.java:211)
	at org.springframework.context.support.PropertySourcesPlaceholderConfigurer.processProperties(PropertySourcesPlaceholderConfigurer.java:180)
	at org.springframework.context.support.PropertySourcesPlaceholderConfigurer.postProcessBeanFactory(PropertySourcesPlaceholderConfigurer.java:155)
	at org.springframework.context.support.PostProcessorRegistrationDelegate.invokeBeanFactoryPostProcessors(PostProcessorRegistrationDelegate.java:265)
	at org.springframework.context.support.PostProcessorRegistrationDelegate.invokeBeanFactoryPostProcessors(PostProcessorRegistrationDelegate.java:162)
	at org.springframework.context.support.AbstractApplicationContext.invokeBeanFactoryPostProcessors(AbstractApplicationContext.java:606)
	at org.springframework.context.support.AbstractApplicationContext.refresh(AbstractApplicationContext.java:462)
	at org.springframework.web.servlet.FrameworkServlet.configureAndRefreshWebApplicationContext(FrameworkServlet.java:664)
	at org.springframework.web.servlet.FrameworkServlet.createWebApplicationContext(FrameworkServlet.java:630)
	at org.springframework.web.servlet.FrameworkServlet.createWebApplicationContext(FrameworkServlet.java:678)
	at org.springframework.web.servlet.FrameworkServlet.initWebApplicationContext(FrameworkServlet.java:549)
	at org.springframework.web.servlet.FrameworkServlet.initServletBean(FrameworkServlet.java:490)
	at org.springframework.web.servlet.HttpServletBean.init(HttpServletBean.java:136)
	at javax.servlet.GenericServlet.init(GenericServlet.java:158)
	at org.apache.catalina.core.StandardWrapper.initServlet(StandardWrapper.java:1144)
	at org.apache.catalina.core.StandardWrapper.loadServlet(StandardWrapper.java:1091)
	at org.apache.catalina.core.StandardWrapper.allocate(StandardWrapper.java:763)
	at org.apache.catalina.core.StandardWrapperValve.invoke(StandardWrapperValve.java:134)
	at org.apache.catalina.core.StandardContextValve.invoke(StandardContextValve.java:96)
	at org.apache.catalina.authenticator.AuthenticatorBase.invoke(AuthenticatorBase.java:543)
	at org.apache.catalina.core.StandardHostValve.invoke(StandardHostValve.java:139)
	at org.apache.catalina.valves.ErrorReportValve.invoke(ErrorReportValve.java:81)
	at org.apache.catalina.valves.AbstractAccessLogValve.invoke(AbstractAccessLogValve.java:690)
	at org.apache.catalina.core.StandardEngineValve.invoke(StandardEngineValve.java:87)
	at org.apache.catalina.connector.CoyoteAdapter.service(CoyoteAdapter.java:343)
	at org.apache.coyote.http11.Http11Processor.service(Http11Processor.java:615)
	at org.apache.coyote.AbstractProcessorLight.process(AbstractProcessorLight.java:65)
	at org.apache.coyote.AbstractProtocol$ConnectionHandler.process(AbstractProtocol.java:818)
	at org.apache.tomcat.util.net.NioEndpoint$SocketProcessor.doRun(NioEndpoint.java:1627)
	at org.apache.tomcat.util.net.SocketProcessorBase.run(SocketProcessorBase.java:49)
	at java.util.concurrent.ThreadPoolExecutor.runWorker(ThreadPoolExecutor.java:1142)
	at java.util.concurrent.ThreadPoolExecutor$Worker.run(ThreadPoolExecutor.java:617)
	at org.apache.tomcat.util.threads.TaskThread$WrappingRunnable.run(TaskThread.java:61)
	at java.lang.Thread.run(Thread.java:745)
Caused by: java.lang.IllegalArgumentException: Could not resolve placeholder 'jdbc_driver' in string value "${jdbc_driver}"
	at org.springframework.util.PropertyPlaceholderHelper.parseStringValue(PropertyPlaceholderHelper.java:174)
	at org.springframework.util.PropertyPlaceholderHelper.replacePlaceholders(PropertyPlaceholderHelper.java:126)
	at org.springframework.core.env.AbstractPropertyResolver.doResolvePlaceholders(AbstractPropertyResolver.java:204)
	at org.springframework.core.env.AbstractPropertyResolver.resolveRequiredPlaceholders(AbstractPropertyResolver.java:178)
	at org.springframework.context.support.PropertySourcesPlaceholderConfigurer$2.resolveStringValue(PropertySourcesPlaceholderConfigurer.java:175)
	at org.springframework.beans.factory.config.BeanDefinitionVisitor.resolveStringValue(BeanDefinitionVisitor.java:282)
	at org.springframework.beans.factory.config.BeanDefinitionVisitor.resolveValue(BeanDefinitionVisitor.java:204)
	at org.springframework.beans.factory.config.BeanDefinitionVisitor.visitPropertyValues(BeanDefinitionVisitor.java:141)
	at org.springframework.beans.factory.config.BeanDefinitionVisitor.visitBeanDefinition(BeanDefinitionVisitor.java:82)
	at org.springframework.beans.factory.config.PlaceholderConfigurerSupport.doProcessProperties(PlaceholderConfigurerSupport.java:208)
	... 33 more
2020-06-11 13:14:21 [org.springframework.web.servlet.DispatcherServlet]-[ERROR] [http-nio-8080-exec-2] (FrameworkServlet.java:498) ->Context initialization failed 
org.springframework.beans.factory.BeanDefinitionStoreException: Invalid bean definition with name 'dataSource' defined in file [D:\IntelliJ IDEA 2020.1.1\study-workspace\my2ssm\target\my2ssm-1.0-SNAPSHOT\WEB-INF\classes\spring-jdbc.xml]: Could not resolve placeholder 'jdbc_driver' in string value "${jdbc_driver}"; nested exception is java.lang.IllegalArgumentException: Could not resolve placeholder 'jdbc_driver' in string value "${jdbc_driver}"
	at org.springframework.beans.factory.config.PlaceholderConfigurerSupport.doProcessProperties(PlaceholderConfigurerSupport.java:211)
	at org.springframework.context.support.PropertySourcesPlaceholderConfigurer.processProperties(PropertySourcesPlaceholderConfigurer.java:180)
	at org.springframework.context.support.PropertySourcesPlaceholderConfigurer.postProcessBeanFactory(PropertySourcesPlaceholderConfigurer.java:155)
	at org.springframework.context.support.PostProcessorRegistrationDelegate.invokeBeanFactoryPostProcessors(PostProcessorRegistrationDelegate.java:265)
	at org.springframework.context.support.PostProcessorRegistrationDelegate.invokeBeanFactoryPostProcessors(PostProcessorRegistrationDelegate.java:162)
	at org.springframework.context.support.AbstractApplicationContext.invokeBeanFactoryPostProcessors(AbstractApplicationContext.java:606)
	at org.springframework.context.support.AbstractApplicationContext.refresh(AbstractApplicationContext.java:462)
	at org.springframework.web.servlet.FrameworkServlet.configureAndRefreshWebApplicationContext(FrameworkServlet.java:664)
	at org.springframework.web.servlet.FrameworkServlet.createWebApplicationContext(FrameworkServlet.java:630)
	at org.springframework.web.servlet.FrameworkServlet.createWebApplicationContext(FrameworkServlet.java:678)
	at org.springframework.web.servlet.FrameworkServlet.initWebApplicationContext(FrameworkServlet.java:549)
	at org.springframework.web.servlet.FrameworkServlet.initServletBean(FrameworkServlet.java:490)
	at org.springframework.web.servlet.HttpServletBean.init(HttpServletBean.java:136)
	at javax.servlet.GenericServlet.init(GenericServlet.java:158)
	at org.apache.catalina.core.StandardWrapper.initServlet(StandardWrapper.java:1144)
	at org.apache.catalina.core.StandardWrapper.loadServlet(StandardWrapper.java:1091)
	at org.apache.catalina.core.StandardWrapper.allocate(StandardWrapper.java:763)
	at org.apache.catalina.core.StandardWrapperValve.invoke(StandardWrapperValve.java:134)
	at org.apache.catalina.core.StandardContextValve.invoke(StandardContextValve.java:96)
	at org.apache.catalina.authenticator.AuthenticatorBase.invoke(AuthenticatorBase.java:543)
	at org.apache.catalina.core.StandardHostValve.invoke(StandardHostValve.java:139)
	at org.apache.catalina.valves.ErrorReportValve.invoke(ErrorReportValve.java:81)
	at org.apache.catalina.valves.AbstractAccessLogValve.invoke(AbstractAccessLogValve.java:690)
	at org.apache.catalina.core.StandardEngineValve.invoke(StandardEngineValve.java:87)
	at org.apache.catalina.connector.CoyoteAdapter.service(CoyoteAdapter.java:343)
	at org.apache.coyote.http11.Http11Processor.service(Http11Processor.java:615)
	at org.apache.coyote.AbstractProcessorLight.process(AbstractProcessorLight.java:65)
	at org.apache.coyote.AbstractProtocol$ConnectionHandler.process(AbstractProtocol.java:818)
	at org.apache.tomcat.util.net.NioEndpoint$SocketProcessor.doRun(NioEndpoint.java:1627)
	at org.apache.tomcat.util.net.SocketProcessorBase.run(SocketProcessorBase.java:49)
	at java.util.concurrent.ThreadPoolExecutor.runWorker(ThreadPoolExecutor.java:1142)
	at java.util.concurrent.ThreadPoolExecutor$Worker.run(ThreadPoolExecutor.java:617)
	at org.apache.tomcat.util.threads.TaskThread$WrappingRunnable.run(TaskThread.java:61)
	at java.lang.Thread.run(Thread.java:745)
Caused by: java.lang.IllegalArgumentException: Could not resolve placeholder 'jdbc_driver' in string value "${jdbc_driver}"
	at org.springframework.util.PropertyPlaceholderHelper.parseStringValue(PropertyPlaceholderHelper.java:174)
	at org.springframework.util.PropertyPlaceholderHelper.replacePlaceholders(PropertyPlaceholderHelper.java:126)
	at org.springframework.core.env.AbstractPropertyResolver.doResolvePlaceholders(AbstractPropertyResolver.java:204)
	at org.springframework.core.env.AbstractPropertyResolver.resolveRequiredPlaceholders(AbstractPropertyResolver.java:178)
	at org.springframework.context.support.PropertySourcesPlaceholderConfigurer$2.resolveStringValue(PropertySourcesPlaceholderConfigurer.java:175)
	at org.springframework.beans.factory.config.BeanDefinitionVisitor.resolveStringValue(BeanDefinitionVisitor.java:282)
	at org.springframework.beans.factory.config.BeanDefinitionVisitor.resolveValue(BeanDefinitionVisitor.java:204)
	at org.springframework.beans.factory.config.BeanDefinitionVisitor.visitPropertyValues(BeanDefinitionVisitor.java:141)
	at org.springframework.beans.factory.config.BeanDefinitionVisitor.visitBeanDefinition(BeanDefinitionVisitor.java:82)
	at org.springframework.beans.factory.config.PlaceholderConfigurerSupport.doProcessProperties(PlaceholderConfigurerSupport.java:208)
	... 33 more
2020-06-11 13:15:23 [org.springframework.web.servlet.DispatcherServlet]-[INFO] [RMI TCP Connection(3)-127.0.0.1] (FrameworkServlet.java:485) ->FrameworkServlet 'spring-dispatcher': initialization started 
2020-06-11 13:15:23 [org.springframework.web.context.support.XmlWebApplicationContext]-[INFO] [RMI TCP Connection(3)-127.0.0.1] (AbstractApplicationContext.java:510) ->Refreshing WebApplicationContext for namespace 'spring-dispatcher-servlet': startup date [Thu Jun 11 13:15:23 CST 2020]; root of context hierarchy 
2020-06-11 13:15:23 [org.springframework.beans.factory.xml.XmlBeanDefinitionReader]-[INFO] [RMI TCP Connection(3)-127.0.0.1] (XmlBeanDefinitionReader.java:317) ->Loading XML bean definitions from file [D:\IntelliJ IDEA 2020.1.1\study-workspace\my2ssm\target\my2ssm-1.0-SNAPSHOT\WEB-INF\classes\spring-init.xml] 
2020-06-11 13:15:24 [org.springframework.beans.factory.xml.XmlBeanDefinitionReader]-[INFO] [RMI TCP Connection(3)-127.0.0.1] (XmlBeanDefinitionReader.java:317) ->Loading XML bean definitions from file [D:\IntelliJ IDEA 2020.1.1\study-workspace\my2ssm\target\my2ssm-1.0-SNAPSHOT\WEB-INF\classes\spring-jdbc.xml] 
2020-06-11 13:15:24 [org.springframework.beans.factory.xml.XmlBeanDefinitionReader]-[INFO] [RMI TCP Connection(3)-127.0.0.1] (XmlBeanDefinitionReader.java:317) ->Loading XML bean definitions from file [D:\IntelliJ IDEA 2020.1.1\study-workspace\my2ssm\target\my2ssm-1.0-SNAPSHOT\WEB-INF\classes\spring-mvc.xml] 
2020-06-11 13:15:25 [org.springframework.context.support.PropertySourcesPlaceholderConfigurer]-[INFO] [RMI TCP Connection(3)-127.0.0.1] (PropertiesLoaderSupport.java:172) ->Loading properties file from class path resource [jdbc.properties] 
2020-06-11 13:15:27 [com.alibaba.druid.pool.DruidDataSource]-[INFO] [RMI TCP Connection(3)-127.0.0.1] (DruidDataSource.java:1003) ->{dataSource-1} inited 
2020-06-11 13:15:27 [org.springframework.web.servlet.mvc.method.annotation.RequestMappingHandlerMapping]-[INFO] [RMI TCP Connection(3)-127.0.0.1] (AbstractHandlerMethodMapping.java:217) ->Mapped "{[/log/list]}" onto public com.alibaba.fastjson.JSONObject cn.mt.controllers.LogController.list(int,int) 
2020-06-11 13:15:27 [org.springframework.web.servlet.mvc.method.annotation.RequestMappingHandlerMapping]-[INFO] [RMI TCP Connection(3)-127.0.0.1] (AbstractHandlerMethodMapping.java:217) ->Mapped "{[/home]}" onto public java.lang.String cn.mt.controllers.PageController.home() 
2020-06-11 13:15:27 [org.springframework.web.servlet.mvc.method.annotation.RequestMappingHandlerMapping]-[INFO] [RMI TCP Connection(3)-127.0.0.1] (AbstractHandlerMethodMapping.java:217) ->Mapped "{[/user/register],methods=[POST]}" onto public com.alibaba.fastjson.JSONObject cn.mt.controllers.UserController.register(cn.mt.models.User) 
2020-06-11 13:15:27 [org.springframework.web.servlet.mvc.method.annotation.RequestMappingHandlerMapping]-[INFO] [RMI TCP Connection(3)-127.0.0.1] (AbstractHandlerMethodMapping.java:217) ->Mapped "{[/user/list]}" onto public com.alibaba.fastjson.JSONObject cn.mt.controllers.UserController.list(int,int) 
2020-06-11 13:15:28 [org.springframework.web.servlet.mvc.method.annotation.RequestMappingHandlerAdapter]-[INFO] [RMI TCP Connection(3)-127.0.0.1] (RequestMappingHandlerAdapter.java:517) ->Looking for @ControllerAdvice: WebApplicationContext for namespace 'spring-dispatcher-servlet': startup date [Thu Jun 11 13:15:23 CST 2020]; root of context hierarchy 
2020-06-11 13:15:28 [org.springframework.web.servlet.mvc.method.annotation.RequestMappingHandlerAdapter]-[INFO] [RMI TCP Connection(3)-127.0.0.1] (RequestMappingHandlerAdapter.java:517) ->Looking for @ControllerAdvice: WebApplicationContext for namespace 'spring-dispatcher-servlet': startup date [Thu Jun 11 13:15:23 CST 2020]; root of context hierarchy 
2020-06-11 13:15:28 [org.springframework.web.servlet.handler.SimpleUrlHandlerMapping]-[INFO] [RMI TCP Connection(3)-127.0.0.1] (AbstractUrlHandlerMapping.java:314) ->Mapped URL path [/*.jsp] onto handler 'org.springframework.web.servlet.resource.ResourceHttpRequestHandler#0' 
2020-06-11 13:15:28 [org.springframework.web.servlet.DispatcherServlet]-[INFO] [RMI TCP Connection(3)-127.0.0.1] (FrameworkServlet.java:504) ->FrameworkServlet 'spring-dispatcher': initialization completed in 5449 ms 
2020-06-11 13:20:48 [org.springframework.web.servlet.PageNotFound]-[WARN] [http-nio-8080-exec-2] (DispatcherServlet.java:1136) ->No mapping found for HTTP request with URI [/favicon.ico] in DispatcherServlet with name 'spring-dispatcher' 
2020-06-11 13:22:03 [org.springframework.web.context.support.XmlWebApplicationContext]-[INFO] [localhost-startStop-2] (AbstractApplicationContext.java:862) ->Closing WebApplicationContext for namespace 'spring-dispatcher-servlet': startup date [Thu Jun 11 13:15:23 CST 2020]; root of context hierarchy 
2020-06-11 13:22:03 [com.alibaba.druid.pool.DruidDataSource]-[INFO] [localhost-startStop-2] (DruidDataSource.java:1965) ->{dataSource-1} closing ... 
2020-06-11 13:22:03 [com.alibaba.druid.pool.DruidDataSource]-[INFO] [localhost-startStop-2] (DruidDataSource.java:2037) ->{dataSource-1} closed 
2020-06-11 13:22:31 [org.springframework.web.servlet.DispatcherServlet]-[INFO] [RMI TCP Connection(3)-127.0.0.1] (FrameworkServlet.java:485) ->FrameworkServlet 'spring-dispatcher': initialization started 
2020-06-11 13:22:31 [org.springframework.web.context.support.XmlWebApplicationContext]-[INFO] [RMI TCP Connection(3)-127.0.0.1] (AbstractApplicationContext.java:510) ->Refreshing WebApplicationContext for namespace 'spring-dispatcher-servlet': startup date [Thu Jun 11 13:22:31 CST 2020]; root of context hierarchy 
2020-06-11 13:22:31 [org.springframework.beans.factory.xml.XmlBeanDefinitionReader]-[INFO] [RMI TCP Connection(3)-127.0.0.1] (XmlBeanDefinitionReader.java:317) ->Loading XML bean definitions from file [D:\IntelliJ IDEA 2020.1.1\study-workspace\my2ssm\target\my2ssm-1.0-SNAPSHOT\WEB-INF\classes\spring-init.xml] 
2020-06-11 13:22:32 [org.springframework.beans.factory.xml.XmlBeanDefinitionReader]-[INFO] [RMI TCP Connection(3)-127.0.0.1] (XmlBeanDefinitionReader.java:317) ->Loading XML bean definitions from file [D:\IntelliJ IDEA 2020.1.1\study-workspace\my2ssm\target\my2ssm-1.0-SNAPSHOT\WEB-INF\classes\spring-jdbc.xml] 
2020-06-11 13:22:32 [org.springframework.beans.factory.xml.XmlBeanDefinitionReader]-[INFO] [RMI TCP Connection(3)-127.0.0.1] (XmlBeanDefinitionReader.java:317) ->Loading XML bean definitions from file [D:\IntelliJ IDEA 2020.1.1\study-workspace\my2ssm\target\my2ssm-1.0-SNAPSHOT\WEB-INF\classes\spring-mvc.xml] 
2020-06-11 13:22:33 [org.springframework.context.support.PropertySourcesPlaceholderConfigurer]-[INFO] [RMI TCP Connection(3)-127.0.0.1] (PropertiesLoaderSupport.java:172) ->Loading properties file from class path resource [jdbc.properties] 
2020-06-11 13:22:35 [com.alibaba.druid.pool.DruidDataSource]-[INFO] [RMI TCP Connection(3)-127.0.0.1] (DruidDataSource.java:1003) ->{dataSource-1} inited 
2020-06-11 13:22:36 [org.springframework.web.servlet.mvc.method.annotation.RequestMappingHandlerMapping]-[INFO] [RMI TCP Connection(3)-127.0.0.1] (AbstractHandlerMethodMapping.java:217) ->Mapped "{[/log/list]}" onto public com.alibaba.fastjson.JSONObject cn.mt.controllers.LogController.list(int,int) 
2020-06-11 13:22:36 [org.springframework.web.servlet.mvc.method.annotation.RequestMappingHandlerMapping]-[INFO] [RMI TCP Connection(3)-127.0.0.1] (AbstractHandlerMethodMapping.java:217) ->Mapped "{[/home]}" onto public java.lang.String cn.mt.controllers.PageController.home() 
2020-06-11 13:22:36 [org.springframework.web.servlet.mvc.method.annotation.RequestMappingHandlerMapping]-[INFO] [RMI TCP Connection(3)-127.0.0.1] (AbstractHandlerMethodMapping.java:217) ->Mapped "{[/user/register],methods=[POST]}" onto public com.alibaba.fastjson.JSONObject cn.mt.controllers.UserController.register(cn.mt.models.User) 
2020-06-11 13:22:36 [org.springframework.web.servlet.mvc.method.annotation.RequestMappingHandlerMapping]-[INFO] [RMI TCP Connection(3)-127.0.0.1] (AbstractHandlerMethodMapping.java:217) ->Mapped "{[/user/list]}" onto public com.alibaba.fastjson.JSONObject cn.mt.controllers.UserController.list(int,int) 
2020-06-11 13:22:37 [org.springframework.web.servlet.mvc.method.annotation.RequestMappingHandlerAdapter]-[INFO] [RMI TCP Connection(3)-127.0.0.1] (RequestMappingHandlerAdapter.java:517) ->Looking for @ControllerAdvice: WebApplicationContext for namespace 'spring-dispatcher-servlet': startup date [Thu Jun 11 13:22:31 CST 2020]; root of context hierarchy 
2020-06-11 13:22:37 [org.springframework.web.servlet.mvc.method.annotation.RequestMappingHandlerAdapter]-[INFO] [RMI TCP Connection(3)-127.0.0.1] (RequestMappingHandlerAdapter.java:517) ->Looking for @ControllerAdvice: WebApplicationContext for namespace 'spring-dispatcher-servlet': startup date [Thu Jun 11 13:22:31 CST 2020]; root of context hierarchy 
2020-06-11 13:22:37 [org.springframework.web.servlet.handler.SimpleUrlHandlerMapping]-[INFO] [RMI TCP Connection(3)-127.0.0.1] (AbstractUrlHandlerMapping.java:314) ->Mapped URL path [/*.jsp] onto handler 'org.springframework.web.servlet.resource.ResourceHttpRequestHandler#0' 
2020-06-11 13:22:38 [org.springframework.web.servlet.DispatcherServlet]-[INFO] [RMI TCP Connection(3)-127.0.0.1] (FrameworkServlet.java:504) ->FrameworkServlet 'spring-dispatcher': initialization completed in 6690 ms 
2020-06-11 13:23:52 [org.springframework.web.context.support.XmlWebApplicationContext]-[INFO] [localhost-startStop-2] (AbstractApplicationContext.java:862) ->Closing WebApplicationContext for namespace 'spring-dispatcher-servlet': startup date [Thu Jun 11 13:22:31 CST 2020]; root of context hierarchy 
2020-06-11 13:23:52 [com.alibaba.druid.pool.DruidDataSource]-[INFO] [localhost-startStop-2] (DruidDataSource.java:1965) ->{dataSource-1} closing ... 
2020-06-11 13:23:52 [com.alibaba.druid.pool.DruidDataSource]-[INFO] [localhost-startStop-2] (DruidDataSource.java:2037) ->{dataSource-1} closed 
2020-06-11 13:25:39 [org.springframework.web.servlet.DispatcherServlet]-[INFO] [RMI TCP Connection(3)-127.0.0.1] (FrameworkServlet.java:485) ->FrameworkServlet 'spring-dispatcher': initialization started 
2020-06-11 13:25:39 [org.springframework.web.context.support.XmlWebApplicationContext]-[INFO] [RMI TCP Connection(3)-127.0.0.1] (AbstractApplicationContext.java:510) ->Refreshing WebApplicationContext for namespace 'spring-dispatcher-servlet': startup date [Thu Jun 11 13:25:39 CST 2020]; root of context hierarchy 
2020-06-11 13:25:39 [org.springframework.beans.factory.xml.XmlBeanDefinitionReader]-[INFO] [RMI TCP Connection(3)-127.0.0.1] (XmlBeanDefinitionReader.java:317) ->Loading XML bean definitions from file [D:\IntelliJ IDEA 2020.1.1\study-workspace\my2ssm\target\my2ssm-1.0-SNAPSHOT\WEB-INF\classes\spring-init.xml] 
2020-06-11 13:25:39 [org.springframework.beans.factory.xml.XmlBeanDefinitionReader]-[INFO] [RMI TCP Connection(3)-127.0.0.1] (XmlBeanDefinitionReader.java:317) ->Loading XML bean definitions from file [D:\IntelliJ IDEA 2020.1.1\study-workspace\my2ssm\target\my2ssm-1.0-SNAPSHOT\WEB-INF\classes\spring-jdbc.xml] 
2020-06-11 13:25:40 [org.springframework.beans.factory.xml.XmlBeanDefinitionReader]-[INFO] [RMI TCP Connection(3)-127.0.0.1] (XmlBeanDefinitionReader.java:317) ->Loading XML bean definitions from file [D:\IntelliJ IDEA 2020.1.1\study-workspace\my2ssm\target\my2ssm-1.0-SNAPSHOT\WEB-INF\classes\spring-mvc.xml] 
2020-06-11 13:25:40 [org.springframework.context.support.PropertySourcesPlaceholderConfigurer]-[INFO] [RMI TCP Connection(3)-127.0.0.1] (PropertiesLoaderSupport.java:172) ->Loading properties file from class path resource [jdbc.properties] 
2020-06-11 13:25:41 [com.alibaba.druid.pool.DruidDataSource]-[INFO] [RMI TCP Connection(3)-127.0.0.1] (DruidDataSource.java:1003) ->{dataSource-1} inited 
2020-06-11 13:25:41 [org.springframework.web.servlet.mvc.method.annotation.RequestMappingHandlerMapping]-[INFO] [RMI TCP Connection(3)-127.0.0.1] (AbstractHandlerMethodMapping.java:217) ->Mapped "{[/log/list]}" onto public com.alibaba.fastjson.JSONObject cn.mt.controllers.LogController.list(int,int) 
2020-06-11 13:25:41 [org.springframework.web.servlet.mvc.method.annotation.RequestMappingHandlerMapping]-[INFO] [RMI TCP Connection(3)-127.0.0.1] (AbstractHandlerMethodMapping.java:217) ->Mapped "{[/home]}" onto public java.lang.String cn.mt.controllers.PageController.home() 
2020-06-11 13:25:41 [org.springframework.web.servlet.mvc.method.annotation.RequestMappingHandlerMapping]-[INFO] [RMI TCP Connection(3)-127.0.0.1] (AbstractHandlerMethodMapping.java:217) ->Mapped "{[/user/register],methods=[POST]}" onto public com.alibaba.fastjson.JSONObject cn.mt.controllers.UserController.register(cn.mt.models.User) 
2020-06-11 13:25:41 [org.springframework.web.servlet.mvc.method.annotation.RequestMappingHandlerMapping]-[INFO] [RMI TCP Connection(3)-127.0.0.1] (AbstractHandlerMethodMapping.java:217) ->Mapped "{[/user/list]}" onto public com.alibaba.fastjson.JSONObject cn.mt.controllers.UserController.list(int,int) 
2020-06-11 13:25:42 [org.springframework.web.servlet.mvc.method.annotation.RequestMappingHandlerAdapter]-[INFO] [RMI TCP Connection(3)-127.0.0.1] (RequestMappingHandlerAdapter.java:517) ->Looking for @ControllerAdvice: WebApplicationContext for namespace 'spring-dispatcher-servlet': startup date [Thu Jun 11 13:25:39 CST 2020]; root of context hierarchy 
2020-06-11 13:25:42 [org.springframework.web.servlet.mvc.method.annotation.RequestMappingHandlerAdapter]-[INFO] [RMI TCP Connection(3)-127.0.0.1] (RequestMappingHandlerAdapter.java:517) ->Looking for @ControllerAdvice: WebApplicationContext for namespace 'spring-dispatcher-servlet': startup date [Thu Jun 11 13:25:39 CST 2020]; root of context hierarchy 
2020-06-11 13:25:42 [org.springframework.web.servlet.handler.SimpleUrlHandlerMapping]-[INFO] [RMI TCP Connection(3)-127.0.0.1] (AbstractUrlHandlerMapping.java:314) ->Mapped URL path [/*.jsp] onto handler 'org.springframework.web.servlet.resource.ResourceHttpRequestHandler#0' 
2020-06-11 13:25:42 [org.springframework.web.servlet.DispatcherServlet]-[INFO] [RMI TCP Connection(3)-127.0.0.1] (FrameworkServlet.java:504) ->FrameworkServlet 'spring-dispatcher': initialization completed in 3718 ms 
2020-06-11 16:20:21 [org.springframework.web.context.support.XmlWebApplicationContext]-[INFO] [localhost-startStop-2] (AbstractApplicationContext.java:862) ->Closing WebApplicationContext for namespace 'spring-dispatcher-servlet': startup date [Thu Jun 11 13:25:39 CST 2020]; root of context hierarchy 
2020-06-11 16:20:33 [com.alibaba.druid.pool.DruidDataSource]-[INFO] [localhost-startStop-2] (DruidDataSource.java:1965) ->{dataSource-1} closing ... 
2020-06-11 16:20:44 [com.alibaba.druid.pool.DruidDataSource]-[INFO] [localhost-startStop-2] (DruidDataSource.java:2037) ->{dataSource-1} closed 
